<?xml version="1.0" encoding="UTF-8"?>
<!-- Generated by org.testng.reporters.JUnitReportReporter -->
<testsuite hostname="DESKTOP-6R9UGKN" name="com.Selenium.InvocationCountTest" tests="10" failures="0" timestamp="25 Aug 2019 17:08:19 GMT" time="0.011" errors="0">
  <testcase name="sum" time="0.008" classname="com.Selenium.InvocationCountTest"/>
  <testcase name="sum" time="0.001" classname="com.Selenium.InvocationCountTest"/>
  <testcase name="sum" time="0.000" classname="com.Selenium.InvocationCountTest"/>
  <testcase name="sum" time="0.001" classname="com.Selenium.InvocationCountTest"/>
  <testcase name="sum" time="0.001" classname="com.Selenium.InvocationCountTest"/>
  <testcase name="sum" time="0.000" classname="com.Selenium.InvocationCountTest"/>
  <testcase name="sum" time="0.000" classname="com.Selenium.InvocationCountTest"/>
  <testcase name="sum" time="0.000" classname="com.Selenium.InvocationCountTest"/>
  <testcase name="sum" time="0.000" classname="com.Selenium.InvocationCountTest"/>
  <testcase name="sum" time="0.000" classname="com.Selenium.InvocationCountTest"/>
</testsuite> <!-- com.Selenium.InvocationCountTest -->
