<?xml version="1.0" encoding="UTF-8"?>
<!-- Generated by org.testng.reporters.JUnitReportReporter -->
<testsuite hostname="DESKTOP-6R9UGKN" name="com.Selenium.Example2" tests="1" failures="0" timestamp="10 Aug 2019 19:42:45 GMT" time="8.163" errors="0">
  <testcase name="enterDataInTextField" time="8.163" classname="com.Selenium.Example2"/>
</testsuite> <!-- com.Selenium.Example2 -->
