<?xml version="1.0" encoding="UTF-8"?>
<!-- Generated by org.testng.reporters.JUnitReportReporter -->
<testsuite hostname="DESKTOP-6R9UGKN" name="com.Selenium.Example9" tests="1" failures="0" timestamp="26 Aug 2019 14:19:07 GMT" time="29.977" errors="0">
  <testcase name="enterText" time="29.977" classname="com.Selenium.Example9"/>
</testsuite> <!-- com.Selenium.Example9 -->
