<?xml version="1.0" encoding="UTF-8"?>
<!-- Generated by org.testng.reporters.JUnitReportReporter -->
<testsuite hostname="DESKTOP-6R9UGKN" name="com.Selenium.TestNgFeatures" tests="4" failures="0" timestamp="26 Aug 2019 14:20:47 GMT" time="0.013" errors="0">
  <testcase name="loginTest" time="0.012" classname="com.Selenium.TestNgFeatures"/>
  <testcase name="homePgaeTest" time="0.001" classname="com.Selenium.TestNgFeatures"/>
  <testcase name="regPageTest" time="0.000" classname="com.Selenium.TestNgFeatures"/>
  <testcase name="searchPageTest" time="0.000" classname="com.Selenium.TestNgFeatures"/>
</testsuite> <!-- com.Selenium.TestNgFeatures -->
