<?xml version="1.0" encoding="UTF-8"?>
<!-- Generated by org.testng.reporters.JUnitReportReporter -->
<testsuite hostname="DESKTOP-6R9UGKN" name="com.Selenium.Example2" tests="1" failures="0" timestamp="26 Aug 2019 14:18:39 GMT" time="16.002" errors="0">
  <testcase name="enterDataInTextField" time="16.002" classname="com.Selenium.Example2"/>
</testsuite> <!-- com.Selenium.Example2 -->
