<?xml version="1.0" encoding="UTF-8"?>
<!-- Generated by org.testng.reporters.JUnitReportReporter -->
<testsuite hostname="DESKTOP-6R9UGKN" name="com.Selenium.Example2" tests="1" failures="0" timestamp="26 Aug 2019 11:24:10 GMT" time="28.640" errors="0">
  <testcase name="enterDataInTextField" time="28.640" classname="com.Selenium.Example2"/>
</testsuite> <!-- com.Selenium.Example2 -->
