<?xml version="1.0" encoding="UTF-8"?>
<!-- Generated by org.testng.reporters.JUnitReportReporter -->
<testsuite hostname="DESKTOP-6R9UGKN" name="com.Selenium.GoogleTest" tests="3" failures="0" timestamp="26 Aug 2019 11:29:12 GMT" time="19.784" errors="0">
  <testcase name="googleLogoTest" time="6.753" classname="com.Selenium.GoogleTest"/>
  <testcase name="mailLinkTest" time="6.192" classname="com.Selenium.GoogleTest"/>
  <testcase name="googleTitleTest" time="6.839" classname="com.Selenium.GoogleTest"/>
</testsuite> <!-- com.Selenium.GoogleTest -->
