<?xml version="1.0" encoding="UTF-8"?>
<!-- Generated by org.testng.reporters.JUnitReportReporter -->
<testsuite hostname="DESKTOP-6R9UGKN" name="com.Selenium.GoogleTest" tests="3" failures="0" timestamp="25 Aug 2019 12:59:08 GMT" time="18.142" errors="0">
  <testcase name="googleLogoTest" time="6.493" classname="com.Selenium.GoogleTest"/>
  <testcase name="mailLinkTest" time="6.021" classname="com.Selenium.GoogleTest"/>
  <testcase name="googleTitleTest" time="5.628" classname="com.Selenium.GoogleTest"/>
</testsuite> <!-- com.Selenium.GoogleTest -->
