<?xml version="1.0" encoding="UTF-8"?>
<!-- Generated by org.testng.reporters.JUnitReportReporter -->
<testsuite hostname="DESKTOP-6R9UGKN" name="com.Selenium.GoogleTest" tests="3" failures="0" timestamp="26 Aug 2019 14:20:03 GMT" time="36.281" errors="0">
  <testcase name="googleLogoTest" time="11.652" classname="com.Selenium.GoogleTest"/>
  <testcase name="mailLinkTest" time="16.347" classname="com.Selenium.GoogleTest"/>
  <testcase name="googleTitleTest" time="8.282" classname="com.Selenium.GoogleTest"/>
</testsuite> <!-- com.Selenium.GoogleTest -->
